

Version:	3.50
CmdLine:	C:\Users\NICK\OneDrive\Desktop\TheoryOfComputation\Automation\Group16Assignment.exe --l4j-debug
JNI:		No
WOW64:		Yes
Working dir:	C:\Users\NICK\OneDrive\Desktop\TheoryOfComputation\Automation\.
Requires JDK:	No
Requires 64-Bit: No
Java min ver:	
Java max ver:	
Substitute:	JAVA_HOME = C:\Program Files\Java\jdk-13.0.2
Substitute:	PATH = C:\Program Files\Java\jdk-13.0.2\bin;C:\Program Files (x86)\Common Files\Oracle\Java\javapath;C:\Python310\Scripts\;C:\Python310\;C:\WINDOWS\system32;C:\WINDOWS;C:\WINDOWS\System32\Wbem;C:\WINDOWS\System32\WindowsPowerShell\v1.0\;C:\WINDOWS\System32\OpenSSH\;C:\Program Files\nodejs\;C:\ProgramData\chocolatey\bin;C:\Program Files\Git\cmd;C:\Program Files (x86)\dotnet\;C:\Program Files\dotnet\;C:\Program Files (x86)\Micro Focus\UFT Developer\bin;C:\Program Files\Microsoft SQL Server\Client SDK\ODBC\170\Tools\Binn\;C:\Program Files (x86)\Microsoft SQL Server\150\Tools\Binn\;C:\Program Files\Microsoft SQL Server\150\Tools\Binn\;C:\Program Files\Microsoft SQL Server\150\DTS\Binn\;C:\Program Files (x86)\Microsoft SQL Server\150\DTS\Binn\;C:\Program Files\Azure Data Studio\bin;C:\Program Files\Docker\Docker\resources\bin;C:\Program Files (x86)\GnuWin32\bin;C:\composer;C:\php-8.2.1;C:\Program Files\Eclipse Adoptium\jdk-17.0.5.8-hotspot\bin;C:\Users\NICK\AppData\Local\Microsoft\WindowsApps;C:\Users\NICK\AppData\Local\Programs\Microsoft VS Code\bin;C:\Users\NICK\AppData\Roaming\npm;C:\Program Files\JetBrains\IntelliJ IDEA Community Edition 2022.2.2\bin;;C:\Program Files\Azure Data Studio\bin;C:\Program Files (x86)\mongosh-1.6.1-win32-x64\mongosh-1.6.1-win32-x64\bin;C:\Users\NICK\AppData\Roaming\Composer\vendor\bin;C:\Program Files\Java\jdk-13.0.2\bin;C:\Program Files\Java\jdk1.8.0_331\bin;;C:\Program Files\Java\jdk-13.0.2\bin
JRE paths:	C:\Program Files\Java\jdk-13.0.2;C:\Program Files\Java\jdk-13.0.2\bin;C:\Program Files (x86)\Common Files\Oracle\Java\javapath;C:\Python310\Scripts\;C:\Python310\;C:\WINDOWS\system32;C:\WINDOWS;C:\WINDOWS\System32\Wbem;C:\WINDOWS\System32\WindowsPowerShell\v1.0\;C:\WINDOWS\System32\OpenSSH\;C:\Program Files\nodejs\;C:\ProgramData\chocolatey\bin;C:\Program Files\Git\cmd;C:\Program Files (x86)\dotnet\;C:\Program Files\dotnet\;C:\Program Files (x86)\Micro Focus\UFT Developer\bin;C:\Program Files\Microsoft SQL Server\Client SDK\ODBC\170\Tools\Binn\;C:\Program Files (x86)\Microsoft SQL Server\150\Tools\Binn\;C:\Program Files\Microsoft SQL Server\150\Tools\Binn\;C:\Program Files\Microsoft SQL Server\150\DTS\Binn\;C:\Program Files (x86)\Microsoft SQL Server\150\DTS\Binn\;C:\Program Files\Azure Data Studio\bin;C:\Program Files\Docker\Docker\resources\bin;C:\Program Files (x86)\GnuWin32\bin;C:\composer;C:\php-8.2.1;C:\Program Files\Eclipse Adoptium\jdk-17.0.5.8-hotspot\bin;C:\Users\NICK\AppData\Local\Microsoft\WindowsApps;C:\Users\NICK\AppData\Local\Programs\Microsoft VS Code\bin;C:\Users\NICK\AppData\Roaming\npm;C:\Program Files\JetBrains\IntelliJ IDEA Community Edition 2022.2.2\bin;;C:\Program Files\Azure Data Studio\bin;C:\Program Files (x86)\mongosh-1.6.1-win32-x64\mongosh-1.6.1-win32-x64\bin;C:\Users\NICK\AppData\Roaming\Composer\vendor\bin;C:\Program Files\Java\jdk-13.0.2\bin;C:\Program Files\Java\jdk1.8.0_331\bin;;C:\Program Files\Java\jdk-13.0.2\bin
Check launcher:	C:\Program Files\Java\jdk-13.0.2\bin\javaw.exe (OK)
Version string: 1.013.000_002 / 64-Bit (OK)
Launcher:	C:\Program Files\Java\jdk-13.0.2\bin\javaw.exe
Launcher args:	-jar "C:\Users\NICK\OneDrive\Desktop\TheoryOfComputation\Automation\Group16Assignment.exe"
Args length:	90/32768 chars
Exit code:	0


Version:	3.50
CmdLine:	C:\Users\NICK\OneDrive\Desktop\TheoryOfComputation\Automation\Group16Assignment.exe --l4j-debug
JNI:		No
WOW64:		Yes
Working dir:	C:\Users\NICK\OneDrive\Desktop\TheoryOfComputation\Automation\.
Requires JDK:	No
Requires 64-Bit: No
Java min ver:	
Java max ver:	
Substitute:	JAVA_HOME = C:\Program Files\Java\jdk-13.0.2
Substitute:	PATH = C:\Program Files\Java\jdk-13.0.2\bin;C:\Program Files (x86)\Common Files\Oracle\Java\javapath;C:\Python310\Scripts\;C:\Python310\;C:\WINDOWS\system32;C:\WINDOWS;C:\WINDOWS\System32\Wbem;C:\WINDOWS\System32\WindowsPowerShell\v1.0\;C:\WINDOWS\System32\OpenSSH\;C:\Program Files\nodejs\;C:\ProgramData\chocolatey\bin;C:\Program Files\Git\cmd;C:\Program Files (x86)\dotnet\;C:\Program Files\dotnet\;C:\Program Files (x86)\Micro Focus\UFT Developer\bin;C:\Program Files\Microsoft SQL Server\Client SDK\ODBC\170\Tools\Binn\;C:\Program Files (x86)\Microsoft SQL Server\150\Tools\Binn\;C:\Program Files\Microsoft SQL Server\150\Tools\Binn\;C:\Program Files\Microsoft SQL Server\150\DTS\Binn\;C:\Program Files (x86)\Microsoft SQL Server\150\DTS\Binn\;C:\Program Files\Azure Data Studio\bin;C:\Program Files\Docker\Docker\resources\bin;C:\Program Files (x86)\GnuWin32\bin;C:\composer;C:\php-8.2.1;C:\Program Files\Eclipse Adoptium\jdk-17.0.5.8-hotspot\bin;C:\Users\NICK\AppData\Local\Microsoft\WindowsApps;C:\Users\NICK\AppData\Local\Programs\Microsoft VS Code\bin;C:\Users\NICK\AppData\Roaming\npm;C:\Program Files\JetBrains\IntelliJ IDEA Community Edition 2022.2.2\bin;;C:\Program Files\Azure Data Studio\bin;C:\Program Files (x86)\mongosh-1.6.1-win32-x64\mongosh-1.6.1-win32-x64\bin;C:\Users\NICK\AppData\Roaming\Composer\vendor\bin;C:\Program Files\Java\jdk-13.0.2\bin;C:\Program Files\Java\jdk1.8.0_331\bin;;C:\Program Files\Java\jdk-13.0.2\bin
JRE paths:	C:\Program Files\Java\jdk-13.0.2;C:\Program Files\Java\jdk-13.0.2\bin;C:\Program Files (x86)\Common Files\Oracle\Java\javapath;C:\Python310\Scripts\;C:\Python310\;C:\WINDOWS\system32;C:\WINDOWS;C:\WINDOWS\System32\Wbem;C:\WINDOWS\System32\WindowsPowerShell\v1.0\;C:\WINDOWS\System32\OpenSSH\;C:\Program Files\nodejs\;C:\ProgramData\chocolatey\bin;C:\Program Files\Git\cmd;C:\Program Files (x86)\dotnet\;C:\Program Files\dotnet\;C:\Program Files (x86)\Micro Focus\UFT Developer\bin;C:\Program Files\Microsoft SQL Server\Client SDK\ODBC\170\Tools\Binn\;C:\Program Files (x86)\Microsoft SQL Server\150\Tools\Binn\;C:\Program Files\Microsoft SQL Server\150\Tools\Binn\;C:\Program Files\Microsoft SQL Server\150\DTS\Binn\;C:\Program Files (x86)\Microsoft SQL Server\150\DTS\Binn\;C:\Program Files\Azure Data Studio\bin;C:\Program Files\Docker\Docker\resources\bin;C:\Program Files (x86)\GnuWin32\bin;C:\composer;C:\php-8.2.1;C:\Program Files\Eclipse Adoptium\jdk-17.0.5.8-hotspot\bin;C:\Users\NICK\AppData\Local\Microsoft\WindowsApps;C:\Users\NICK\AppData\Local\Programs\Microsoft VS Code\bin;C:\Users\NICK\AppData\Roaming\npm;C:\Program Files\JetBrains\IntelliJ IDEA Community Edition 2022.2.2\bin;;C:\Program Files\Azure Data Studio\bin;C:\Program Files (x86)\mongosh-1.6.1-win32-x64\mongosh-1.6.1-win32-x64\bin;C:\Users\NICK\AppData\Roaming\Composer\vendor\bin;C:\Program Files\Java\jdk-13.0.2\bin;C:\Program Files\Java\jdk1.8.0_331\bin;;C:\Program Files\Java\jdk-13.0.2\bin
Check launcher:	C:\Program Files\Java\jdk-13.0.2\bin\javaw.exe (OK)
Version string: 1.013.000_002 / 64-Bit (OK)
Launcher:	C:\Program Files\Java\jdk-13.0.2\bin\javaw.exe
Launcher args:	-jar "C:\Users\NICK\OneDrive\Desktop\TheoryOfComputation\Automation\Group16Assignment.exe"
Args length:	90/32768 chars
Exit code:	0


Version:	3.50
CmdLine:	C:\Users\NICK\OneDrive\Desktop\TheoryOfComputation\Automation\Group16Assignment.exe --l4j-debug
JNI:		No
WOW64:		Yes
Working dir:	C:\Users\NICK\OneDrive\Desktop\TheoryOfComputation\Automation\.
Requires JDK:	No
Requires 64-Bit: No
Java min ver:	
Java max ver:	
Substitute:	JAVA_HOME = C:\Program Files\Java\jdk-13.0.2
Substitute:	PATH = C:\Program Files\Java\jdk-13.0.2\bin;C:\Program Files (x86)\Common Files\Oracle\Java\javapath;C:\Python310\Scripts\;C:\Python310\;C:\WINDOWS\system32;C:\WINDOWS;C:\WINDOWS\System32\Wbem;C:\WINDOWS\System32\WindowsPowerShell\v1.0\;C:\WINDOWS\System32\OpenSSH\;C:\Program Files\nodejs\;C:\ProgramData\chocolatey\bin;C:\Program Files\Git\cmd;C:\Program Files (x86)\dotnet\;C:\Program Files\dotnet\;C:\Program Files (x86)\Micro Focus\UFT Developer\bin;C:\Program Files\Microsoft SQL Server\Client SDK\ODBC\170\Tools\Binn\;C:\Program Files (x86)\Microsoft SQL Server\150\Tools\Binn\;C:\Program Files\Microsoft SQL Server\150\Tools\Binn\;C:\Program Files\Microsoft SQL Server\150\DTS\Binn\;C:\Program Files (x86)\Microsoft SQL Server\150\DTS\Binn\;C:\Program Files\Azure Data Studio\bin;C:\Program Files\Docker\Docker\resources\bin;C:\Program Files (x86)\GnuWin32\bin;C:\composer;C:\php-8.2.1;C:\Program Files\Eclipse Adoptium\jdk-17.0.5.8-hotspot\bin;C:\Users\NICK\AppData\Local\Microsoft\WindowsApps;C:\Users\NICK\AppData\Local\Programs\Microsoft VS Code\bin;C:\Users\NICK\AppData\Roaming\npm;C:\Program Files\JetBrains\IntelliJ IDEA Community Edition 2022.2.2\bin;;C:\Program Files\Azure Data Studio\bin;C:\Program Files (x86)\mongosh-1.6.1-win32-x64\mongosh-1.6.1-win32-x64\bin;C:\Users\NICK\AppData\Roaming\Composer\vendor\bin;C:\Program Files\Java\jdk-13.0.2\bin;C:\Program Files\Java\jdk1.8.0_331\bin;;C:\Program Files\Java\jdk-13.0.2\bin
JRE paths:	C:\Program Files\Java\jdk-13.0.2;C:\Program Files\Java\jdk-13.0.2\bin;C:\Program Files (x86)\Common Files\Oracle\Java\javapath;C:\Python310\Scripts\;C:\Python310\;C:\WINDOWS\system32;C:\WINDOWS;C:\WINDOWS\System32\Wbem;C:\WINDOWS\System32\WindowsPowerShell\v1.0\;C:\WINDOWS\System32\OpenSSH\;C:\Program Files\nodejs\;C:\ProgramData\chocolatey\bin;C:\Program Files\Git\cmd;C:\Program Files (x86)\dotnet\;C:\Program Files\dotnet\;C:\Program Files (x86)\Micro Focus\UFT Developer\bin;C:\Program Files\Microsoft SQL Server\Client SDK\ODBC\170\Tools\Binn\;C:\Program Files (x86)\Microsoft SQL Server\150\Tools\Binn\;C:\Program Files\Microsoft SQL Server\150\Tools\Binn\;C:\Program Files\Microsoft SQL Server\150\DTS\Binn\;C:\Program Files (x86)\Microsoft SQL Server\150\DTS\Binn\;C:\Program Files\Azure Data Studio\bin;C:\Program Files\Docker\Docker\resources\bin;C:\Program Files (x86)\GnuWin32\bin;C:\composer;C:\php-8.2.1;C:\Program Files\Eclipse Adoptium\jdk-17.0.5.8-hotspot\bin;C:\Users\NICK\AppData\Local\Microsoft\WindowsApps;C:\Users\NICK\AppData\Local\Programs\Microsoft VS Code\bin;C:\Users\NICK\AppData\Roaming\npm;C:\Program Files\JetBrains\IntelliJ IDEA Community Edition 2022.2.2\bin;;C:\Program Files\Azure Data Studio\bin;C:\Program Files (x86)\mongosh-1.6.1-win32-x64\mongosh-1.6.1-win32-x64\bin;C:\Users\NICK\AppData\Roaming\Composer\vendor\bin;C:\Program Files\Java\jdk-13.0.2\bin;C:\Program Files\Java\jdk1.8.0_331\bin;;C:\Program Files\Java\jdk-13.0.2\bin
Check launcher:	C:\Program Files\Java\jdk-13.0.2\bin\javaw.exe (OK)
Version string: 1.013.000_002 / 64-Bit (OK)
Launcher:	C:\Program Files\Java\jdk-13.0.2\bin\javaw.exe
Launcher args:	-jar "C:\Users\NICK\OneDrive\Desktop\TheoryOfComputation\Automation\Group16Assignment.exe"
Args length:	90/32768 chars
Exit code:	0
